<?xml version="1.0" encoding="UTF-8"?>
<!-- Generated by org.testng.reporters.JUnitReportReporter -->
<testsuite hostname="LAPTOP-FNJPOQ52" failures="0" tests="1" name="driverFactory.AppTest" time="8.308" errors="0" timestamp="2024-04-22T13:21:13 IST" skipped="0">
  <testcase classname="driverFactory.AppTest" name="kickstart" time="8.308"/>
</testsuite> <!-- driverFactory.AppTest -->
